2025-08-04 02:38:37,110 - FirewallIDS - [32mINFO[0m - info:81 - Firewall IDS System initialized
2025-08-04 02:38:37,110 - FirewallIDS - [32mINFO[0m - info:81 - Initializing system components...
2025-08-04 02:38:37,110 - FirewallIDS - [32mINFO[0m - info:81 - PacketAnalyzer initialized
2025-08-04 02:38:37,110 - FirewallIDS - [32mINFO[0m - info:81 - Packet analyzer initialized
2025-08-04 02:38:37,111 - FirewallIDS - [32mINFO[0m - info:81 - Loaded 2 firewall rules
2025-08-04 02:38:37,111 - FirewallIDS - [32mINFO[0m - info:81 - Loaded 3 IDS rules
2025-08-04 02:38:37,111 - FirewallIDS - [33mWARNING[0m - warning:85 - Not running as root - some features may not work
2025-08-04 02:38:39,018 - FirewallIDS - [32mINFO[0m - info:81 - Available network interfaces: ['lo0', 'en0', 'ipsec0', 'anpi1', 'anpi0', 'en3', 'en4', 'en1', 'en2', 'bridge0', 'ap1', 'awdl0', 'llw0', 'utun0', 'utun1', 'utun2', 'utun3', 'utun4', 'utun5', 'utun6', 'utun7']
2025-08-04 02:38:39,018 - FirewallIDS - [33mWARNING[0m - warning:85 - Configured interface eth0 not found
2025-08-04 02:38:39,018 - FirewallIDS - [32mINFO[0m - info:81 - All components initialized successfully
2025-08-04 02:38:39,019 - FirewallIDS - [32mINFO[0m - info:81 - Running system tests...
2025-08-04 02:38:39,019 - FirewallIDS - [32mINFO[0m - info:81 - Testing configuration...
2025-08-04 02:38:39,019 - FirewallIDS - [32mINFO[0m - info:81 - ✓ Configuration test passed
2025-08-04 02:38:39,019 - FirewallIDS - [32mINFO[0m - info:81 - Testing packet analyzer...
2025-08-04 02:38:39,020 - FirewallIDS - [32mINFO[0m - info:81 - ✓ Packet analyzer test passed
2025-08-04 02:38:39,021 - FirewallIDS - [32mINFO[0m - info:81 - All tests passed!
2025-08-04 02:38:39,021 - FirewallIDS - [32mINFO[0m - info:81 - All tests passed!
2025-08-04 02:39:06,761 - FirewallIDS - [32mINFO[0m - info:81 - Firewall IDS System initialized
2025-08-04 02:39:06,761 - FirewallIDS - [32mINFO[0m - info:81 - Initializing system components...
2025-08-04 02:39:06,761 - FirewallIDS - [32mINFO[0m - info:81 - PacketAnalyzer initialized
2025-08-04 02:39:06,761 - FirewallIDS - [32mINFO[0m - info:81 - Packet analyzer initialized
2025-08-04 02:39:06,761 - FirewallIDS - [32mINFO[0m - info:81 - Loaded 2 firewall rules
2025-08-04 02:39:06,762 - FirewallIDS - [32mINFO[0m - info:81 - Loaded 3 IDS rules
2025-08-04 02:39:06,762 - FirewallIDS - [33mWARNING[0m - warning:85 - Not running as root - some features may not work
2025-08-04 02:39:06,768 - FirewallIDS - [32mINFO[0m - info:81 - Available network interfaces: ['lo0', 'en0', 'ipsec0', 'anpi1', 'anpi0', 'en3', 'en4', 'en1', 'en2', 'bridge0', 'ap1', 'awdl0', 'llw0', 'utun0', 'utun1', 'utun2', 'utun3', 'utun4', 'utun5', 'utun6', 'utun7']
2025-08-04 02:39:06,768 - FirewallIDS - [32mINFO[0m - info:81 - All components initialized successfully
2025-08-04 02:39:06,768 - FirewallIDS - [32mINFO[0m - info:81 - Running system tests...
2025-08-04 02:39:06,768 - FirewallIDS - [32mINFO[0m - info:81 - Testing configuration...
2025-08-04 02:39:06,768 - FirewallIDS - [32mINFO[0m - info:81 - ✓ Configuration test passed
2025-08-04 02:39:06,768 - FirewallIDS - [32mINFO[0m - info:81 - Testing packet analyzer...
2025-08-04 02:39:06,769 - FirewallIDS - [32mINFO[0m - info:81 - ✓ Packet analyzer test passed
2025-08-04 02:39:06,769 - FirewallIDS - [32mINFO[0m - info:81 - All tests passed!
2025-08-04 02:39:06,769 - FirewallIDS - [32mINFO[0m - info:81 - All tests passed!
2025-08-04 02:39:21,248 - FirewallIDS - [32mINFO[0m - info:81 - PacketAnalyzer initialized
2025-08-04 02:51:50,498 - FirewallIDS - [32mINFO[0m - info:81 - Firewall IDS System initialized
2025-08-04 02:51:50,498 - FirewallIDS - [32mINFO[0m - info:81 - Initializing system components...
2025-08-04 02:51:50,498 - FirewallIDS - [32mINFO[0m - info:81 - PacketAnalyzer initialized
2025-08-04 02:51:50,498 - FirewallIDS - [32mINFO[0m - info:81 - ✓ Packet analyzer initialized
2025-08-04 02:51:50,498 - FirewallIDS - [32mINFO[0m - info:81 - PacketAnalyzer initialized
2025-08-04 02:51:50,498 - FirewallIDS - [32mINFO[0m - info:81 - TrafficMonitor initialized for interface: en0
2025-08-04 02:51:50,498 - FirewallIDS - [32mINFO[0m - info:81 - LogMonitor initialized
2025-08-04 02:51:50,498 - FirewallIDS - [32mINFO[0m - info:81 - ResourceMonitor initialized
2025-08-04 02:51:50,498 - FirewallIDS - [32mINFO[0m - info:81 - ✓ Monitors initialized
2025-08-04 02:51:50,498 - FirewallIDS - [32mINFO[0m - info:81 - PortScanDetector initialized
2025-08-04 02:51:50,498 - FirewallIDS - [32mINFO[0m - info:81 - FloodDetector initialized
2025-08-04 02:51:50,498 - FirewallIDS - [32mINFO[0m - info:81 - BruteForceDetector initialized
2025-08-04 02:51:50,499 - FirewallIDS - [32mINFO[0m - info:81 - ✓ Detectors initialized
2025-08-04 02:51:50,499 - FirewallIDS - [32mINFO[0m - info:81 - ✓ Loaded 2 firewall rules
2025-08-04 02:51:50,499 - FirewallIDS - [32mINFO[0m - info:81 - ✓ Loaded 3 IDS rules
2025-08-04 02:51:50,499 - FirewallIDS - [33mWARNING[0m - warning:85 - Not running as root - some features may not work
2025-08-04 02:51:50,500 - FirewallIDS - [32mINFO[0m - info:81 - ✓ Available network interfaces: ['lo0', 'en0', 'ipsec0', 'anpi1', 'anpi0', 'en3', 'en4', 'en1', 'en2', 'bridge0', 'ap1', 'awdl0', 'llw0', 'utun0', 'utun1', 'utun2', 'utun3', 'utun4', 'utun5', 'utun6', 'utun7']
2025-08-04 02:51:50,500 - FirewallIDS - [32mINFO[0m - info:81 - ✓ Accessible log files: []
2025-08-04 02:51:50,500 - FirewallIDS - [32mINFO[0m - info:81 - All components initialized successfully
2025-08-04 02:51:50,501 - FirewallIDS - [32mINFO[0m - info:81 - Running system tests...
2025-08-04 02:51:50,501 - FirewallIDS - [32mINFO[0m - info:81 - Testing configuration...
2025-08-04 02:51:50,501 - FirewallIDS - [32mINFO[0m - info:81 - ✓ Configuration test passed
2025-08-04 02:51:50,501 - FirewallIDS - [32mINFO[0m - info:81 - Testing packet analyzer...
2025-08-04 02:51:50,501 - FirewallIDS - [32mINFO[0m - info:81 - ✓ Packet analyzer test passed
2025-08-04 02:51:50,501 - FirewallIDS - [32mINFO[0m - info:81 - Testing monitors...
2025-08-04 02:51:50,501 - FirewallIDS - [32mINFO[0m - info:81 - ✓ Monitors test passed
2025-08-04 02:51:50,501 - FirewallIDS - [32mINFO[0m - info:81 - Testing detectors...
2025-08-04 02:51:50,502 - FirewallIDS - [31mERROR[0m - error:89 - Error handling failed attempt: unsupported operand type(s) for -: 'float' and 'datetime.timedelta'
2025-08-04 02:51:50,502 - FirewallIDS - [32mINFO[0m - info:81 - ✓ Detectors test passed
2025-08-04 02:51:50,502 - FirewallIDS - [32mINFO[0m - info:81 - Testing statistics collection...
2025-08-04 02:51:50,502 - FirewallIDS - [32mINFO[0m - info:81 - ✓ Statistics test passed
2025-08-04 02:51:50,502 - FirewallIDS - [32mINFO[0m - info:81 - All tests passed!
2025-08-04 02:51:50,502 - FirewallIDS - [32mINFO[0m - info:81 - All tests passed!
2025-08-04 02:53:22,321 - FirewallIDS - [32mINFO[0m - info:81 - Firewall IDS System initialized
2025-08-04 02:53:22,321 - FirewallIDS - [32mINFO[0m - info:81 - Initializing system components...
2025-08-04 02:53:22,321 - FirewallIDS - [32mINFO[0m - info:81 - PacketAnalyzer initialized
2025-08-04 02:53:22,321 - FirewallIDS - [32mINFO[0m - info:81 - ✓ Packet analyzer initialized
2025-08-04 02:53:22,321 - FirewallIDS - [32mINFO[0m - info:81 - PacketAnalyzer initialized
2025-08-04 02:53:22,321 - FirewallIDS - [32mINFO[0m - info:81 - TrafficMonitor initialized for interface: en0
2025-08-04 02:53:22,321 - FirewallIDS - [32mINFO[0m - info:81 - LogMonitor initialized
2025-08-04 02:53:22,321 - FirewallIDS - [32mINFO[0m - info:81 - ResourceMonitor initialized
2025-08-04 02:53:22,321 - FirewallIDS - [32mINFO[0m - info:81 - ✓ Monitors initialized
2025-08-04 02:53:22,321 - FirewallIDS - [32mINFO[0m - info:81 - PortScanDetector initialized
2025-08-04 02:53:22,321 - FirewallIDS - [32mINFO[0m - info:81 - FloodDetector initialized
2025-08-04 02:53:22,322 - FirewallIDS - [32mINFO[0m - info:81 - BruteForceDetector initialized
2025-08-04 02:53:22,322 - FirewallIDS - [32mINFO[0m - info:81 - ✓ Detectors initialized
2025-08-04 02:53:22,322 - FirewallIDS - [32mINFO[0m - info:81 - ✓ Loaded 2 firewall rules
2025-08-04 02:53:22,322 - FirewallIDS - [32mINFO[0m - info:81 - ✓ Loaded 3 IDS rules
2025-08-04 02:53:22,322 - FirewallIDS - [33mWARNING[0m - warning:85 - Not running as root - some features may not work
2025-08-04 02:53:22,322 - FirewallIDS - [32mINFO[0m - info:81 - ✓ Available network interfaces: ['lo0', 'en0', 'ipsec0', 'anpi1', 'anpi0', 'en3', 'en4', 'en1', 'en2', 'bridge0', 'ap1', 'awdl0', 'llw0', 'utun0', 'utun1', 'utun2', 'utun3', 'utun4', 'utun5', 'utun6', 'utun7']
2025-08-04 02:53:22,322 - FirewallIDS - [32mINFO[0m - info:81 - ✓ Accessible log files: []
2025-08-04 02:53:22,322 - FirewallIDS - [32mINFO[0m - info:81 - All components initialized successfully
2025-08-04 02:53:22,322 - FirewallIDS - [32mINFO[0m - info:81 - Running system tests...
2025-08-04 02:53:22,322 - FirewallIDS - [32mINFO[0m - info:81 - Testing configuration...
2025-08-04 02:53:22,322 - FirewallIDS - [32mINFO[0m - info:81 - ✓ Configuration test passed
2025-08-04 02:53:22,322 - FirewallIDS - [32mINFO[0m - info:81 - Testing packet analyzer...
2025-08-04 02:53:22,322 - FirewallIDS - [32mINFO[0m - info:81 - ✓ Packet analyzer test passed
2025-08-04 02:53:22,322 - FirewallIDS - [32mINFO[0m - info:81 - Testing monitors...
2025-08-04 02:53:22,322 - FirewallIDS - [32mINFO[0m - info:81 - ✓ Monitors test passed
2025-08-04 02:53:22,323 - FirewallIDS - [32mINFO[0m - info:81 - Testing detectors...
2025-08-04 02:53:22,323 - FirewallIDS - [32mINFO[0m - info:81 - ✓ Detectors test passed
2025-08-04 02:53:22,323 - FirewallIDS - [32mINFO[0m - info:81 - Testing statistics collection...
2025-08-04 02:53:22,323 - FirewallIDS - [32mINFO[0m - info:81 - ✓ Statistics test passed
2025-08-04 02:53:22,323 - FirewallIDS - [32mINFO[0m - info:81 - All tests passed!
2025-08-04 02:53:22,323 - FirewallIDS - [32mINFO[0m - info:81 - All tests passed!
2025-08-04 02:53:41,139 - FirewallIDS - [32mINFO[0m - info:81 - Firewall IDS System initialized
2025-08-04 02:53:41,139 - FirewallIDS - [32mINFO[0m - info:81 - Initializing system components...
2025-08-04 02:53:41,139 - FirewallIDS - [32mINFO[0m - info:81 - PacketAnalyzer initialized
2025-08-04 02:53:41,139 - FirewallIDS - [32mINFO[0m - info:81 - ✓ Packet analyzer initialized
2025-08-04 02:53:41,139 - FirewallIDS - [32mINFO[0m - info:81 - PacketAnalyzer initialized
2025-08-04 02:53:41,139 - FirewallIDS - [32mINFO[0m - info:81 - TrafficMonitor initialized for interface: en0
2025-08-04 02:53:41,139 - FirewallIDS - [32mINFO[0m - info:81 - LogMonitor initialized
2025-08-04 02:53:41,139 - FirewallIDS - [32mINFO[0m - info:81 - ResourceMonitor initialized
2025-08-04 02:53:41,139 - FirewallIDS - [32mINFO[0m - info:81 - ✓ Monitors initialized
2025-08-04 02:53:41,139 - FirewallIDS - [32mINFO[0m - info:81 - PortScanDetector initialized
2025-08-04 02:53:41,139 - FirewallIDS - [32mINFO[0m - info:81 - FloodDetector initialized
2025-08-04 02:53:41,139 - FirewallIDS - [32mINFO[0m - info:81 - BruteForceDetector initialized
2025-08-04 02:53:41,139 - FirewallIDS - [32mINFO[0m - info:81 - ✓ Detectors initialized
2025-08-04 02:53:41,139 - FirewallIDS - [32mINFO[0m - info:81 - ✓ Loaded 2 firewall rules
2025-08-04 02:53:41,139 - FirewallIDS - [32mINFO[0m - info:81 - ✓ Loaded 3 IDS rules
2025-08-04 02:53:41,139 - FirewallIDS - [33mWARNING[0m - warning:85 - Not running as root - some features may not work
2025-08-04 02:53:41,140 - FirewallIDS - [32mINFO[0m - info:81 - ✓ Available network interfaces: ['lo0', 'en0', 'ipsec0', 'anpi1', 'anpi0', 'en3', 'en4', 'en1', 'en2', 'bridge0', 'ap1', 'awdl0', 'llw0', 'utun0', 'utun1', 'utun2', 'utun3', 'utun4', 'utun5', 'utun6', 'utun7']
2025-08-04 02:53:41,140 - FirewallIDS - [32mINFO[0m - info:81 - ✓ Accessible log files: []
2025-08-04 02:53:41,140 - FirewallIDS - [32mINFO[0m - info:81 - All components initialized successfully
2025-08-04 02:53:41,140 - FirewallIDS - [32mINFO[0m - info:81 - Starting Firewall IDS System...
2025-08-04 02:53:41,140 - FirewallIDS - [32mINFO[0m - info:81 - Starting monitoring systems...
2025-08-04 02:53:41,140 - FirewallIDS - [32mINFO[0m - info:81 - Starting packet capture on interface: en0
2025-08-04 02:53:41,140 - FirewallIDS - [32mINFO[0m - info:81 - Traffic monitoring started
2025-08-04 02:53:41,140 - FirewallIDS - [31mERROR[0m - error:89 - Error in monitoring loop: Permission denied: could not open /dev/bpf0. Make sure to be running Scapy as root ! (sudo)
2025-08-04 02:53:41,140 - FirewallIDS - [32mINFO[0m - info:81 - Log monitoring started
2025-08-04 02:53:41,140 - FirewallIDS - [32mINFO[0m - info:81 - Resource monitoring started
2025-08-04 02:53:41,140 - FirewallIDS - [32mINFO[0m - info:81 - ✓ All monitors started
2025-08-04 02:53:41,141 - FirewallIDS - [32mINFO[0m - info:81 - Detection loop started
2025-08-04 02:53:41,141 - FirewallIDS - [32mINFO[0m - info:81 - Statistics loop started
2025-08-04 02:53:41,141 - FirewallIDS - [32mINFO[0m - info:81 - Detection and statistics threads started
2025-08-04 02:53:42,146 - FirewallIDS - [31mERROR[0m - None:0 - [HIGH_DISK_USAGE] High disk usage on /dev/disk7s1: 96.8%
2025-08-04 02:53:42,147 - FirewallIDS - [31mERROR[0m - None:0 - [HIGH_DISK_USAGE] High disk usage on /dev/disk9s1: 97.2%
2025-08-04 02:53:45,806 - FirewallIDS - [32mINFO[0m - info:81 - Received signal 15, shutting down gracefully...
2025-08-04 02:53:45,806 - FirewallIDS - [32mINFO[0m - info:81 - Received signal 15, shutting down gracefully...
2025-08-04 02:53:46,164 - FirewallIDS - [32mINFO[0m - info:81 - Shutting down Firewall IDS System...
2025-08-04 02:53:46,165 - FirewallIDS - [32mINFO[0m - info:81 - Traffic monitoring stopped
2025-08-04 02:53:48,158 - FirewallIDS - [31mERROR[0m - None:0 - [HIGH_DISK_USAGE] High disk usage on /dev/disk7s1: 96.8%
2025-08-04 02:53:48,159 - FirewallIDS - [31mERROR[0m - None:0 - [HIGH_DISK_USAGE] High disk usage on /dev/disk9s1: 97.2%
2025-08-04 02:53:51,170 - FirewallIDS - [32mINFO[0m - info:81 - Log monitoring stopped
2025-08-04 02:53:53,163 - FirewallIDS - [32mINFO[0m - info:81 - Resource monitoring stopped
2025-08-04 02:53:58,168 - FirewallIDS - [32mINFO[0m - info:81 - System shutdown complete
2025-08-04 02:54:37,780 - FirewallIDS - [32mINFO[0m - info:81 - Firewall IDS System initialized
2025-08-04 02:54:37,780 - FirewallIDS - [32mINFO[0m - info:81 - Initializing system components...
2025-08-04 02:54:37,780 - FirewallIDS - [32mINFO[0m - info:81 - PacketAnalyzer initialized
2025-08-04 02:54:37,780 - FirewallIDS - [32mINFO[0m - info:81 - ✓ Packet analyzer initialized
2025-08-04 02:54:37,780 - FirewallIDS - [32mINFO[0m - info:81 - PacketAnalyzer initialized
2025-08-04 02:54:37,780 - FirewallIDS - [32mINFO[0m - info:81 - TrafficMonitor initialized for interface: en0
2025-08-04 02:54:37,780 - FirewallIDS - [32mINFO[0m - info:81 - LogMonitor initialized
2025-08-04 02:54:37,780 - FirewallIDS - [32mINFO[0m - info:81 - ResourceMonitor initialized
2025-08-04 02:54:37,780 - FirewallIDS - [32mINFO[0m - info:81 - ✓ Monitors initialized
2025-08-04 02:54:37,780 - FirewallIDS - [32mINFO[0m - info:81 - PortScanDetector initialized
2025-08-04 02:54:37,780 - FirewallIDS - [32mINFO[0m - info:81 - FloodDetector initialized
2025-08-04 02:54:37,780 - FirewallIDS - [32mINFO[0m - info:81 - BruteForceDetector initialized
2025-08-04 02:54:37,780 - FirewallIDS - [32mINFO[0m - info:81 - ✓ Detectors initialized
2025-08-04 02:54:37,780 - FirewallIDS - [32mINFO[0m - info:81 - ✓ Loaded 2 firewall rules
2025-08-04 02:54:37,780 - FirewallIDS - [32mINFO[0m - info:81 - ✓ Loaded 3 IDS rules
2025-08-04 02:54:37,780 - FirewallIDS - [33mWARNING[0m - warning:85 - Not running as root - some features may not work
2025-08-04 02:54:37,781 - FirewallIDS - [32mINFO[0m - info:81 - ✓ Available network interfaces: ['lo0', 'en0', 'ipsec0', 'anpi1', 'anpi0', 'en3', 'en4', 'en1', 'en2', 'bridge0', 'ap1', 'awdl0', 'llw0', 'utun0', 'utun1', 'utun2', 'utun3', 'utun4', 'utun5', 'utun6', 'utun7']
2025-08-04 02:54:37,781 - FirewallIDS - [32mINFO[0m - info:81 - ✓ Accessible log files: []
2025-08-04 02:54:37,781 - FirewallIDS - [32mINFO[0m - info:81 - All components initialized successfully
2025-08-04 02:54:37,781 - FirewallIDS - [32mINFO[0m - info:81 - Running system tests...
2025-08-04 02:54:37,781 - FirewallIDS - [32mINFO[0m - info:81 - Testing configuration...
2025-08-04 02:54:37,781 - FirewallIDS - [32mINFO[0m - info:81 - ✓ Configuration test passed
2025-08-04 02:54:37,781 - FirewallIDS - [32mINFO[0m - info:81 - Testing packet analyzer...
2025-08-04 02:54:37,781 - FirewallIDS - [32mINFO[0m - info:81 - ✓ Packet analyzer test passed
2025-08-04 02:54:37,781 - FirewallIDS - [32mINFO[0m - info:81 - Testing monitors...
2025-08-04 02:54:37,781 - FirewallIDS - [32mINFO[0m - info:81 - ✓ Monitors test passed
2025-08-04 02:54:37,781 - FirewallIDS - [32mINFO[0m - info:81 - Testing detectors...
2025-08-04 02:54:37,781 - FirewallIDS - [32mINFO[0m - info:81 - ✓ Detectors test passed
2025-08-04 02:54:37,781 - FirewallIDS - [32mINFO[0m - info:81 - Testing statistics collection...
2025-08-04 02:54:37,781 - FirewallIDS - [32mINFO[0m - info:81 - ✓ Statistics test passed
2025-08-04 02:54:37,781 - FirewallIDS - [32mINFO[0m - info:81 - All tests passed!
2025-08-04 02:54:37,781 - FirewallIDS - [32mINFO[0m - info:81 - All tests passed!
2025-08-04 02:54:45,294 - FirewallIDS - [32mINFO[0m - info:81 - Firewall IDS System initialized
2025-08-04 02:54:45,294 - FirewallIDS - [32mINFO[0m - info:81 - Initializing system components...
2025-08-04 02:54:45,294 - FirewallIDS - [32mINFO[0m - info:81 - PacketAnalyzer initialized
2025-08-04 02:54:45,294 - FirewallIDS - [32mINFO[0m - info:81 - ✓ Packet analyzer initialized
2025-08-04 02:54:45,294 - FirewallIDS - [32mINFO[0m - info:81 - PacketAnalyzer initialized
2025-08-04 02:54:45,294 - FirewallIDS - [32mINFO[0m - info:81 - TrafficMonitor initialized for interface: en0
2025-08-04 02:54:45,294 - FirewallIDS - [32mINFO[0m - info:81 - LogMonitor initialized
2025-08-04 02:54:45,294 - FirewallIDS - [32mINFO[0m - info:81 - ResourceMonitor initialized
2025-08-04 02:54:45,294 - FirewallIDS - [32mINFO[0m - info:81 - ✓ Monitors initialized
2025-08-04 02:54:45,294 - FirewallIDS - [32mINFO[0m - info:81 - PortScanDetector initialized
2025-08-04 02:54:45,294 - FirewallIDS - [32mINFO[0m - info:81 - FloodDetector initialized
2025-08-04 02:54:45,294 - FirewallIDS - [32mINFO[0m - info:81 - BruteForceDetector initialized
2025-08-04 02:54:45,294 - FirewallIDS - [32mINFO[0m - info:81 - ✓ Detectors initialized
2025-08-04 02:54:45,294 - FirewallIDS - [32mINFO[0m - info:81 - ✓ Loaded 2 firewall rules
2025-08-04 02:54:45,294 - FirewallIDS - [32mINFO[0m - info:81 - ✓ Loaded 3 IDS rules
2025-08-04 02:54:45,295 - FirewallIDS - [32mINFO[0m - info:81 - ✓ Running with root privileges
2025-08-04 02:54:45,295 - FirewallIDS - [32mINFO[0m - info:81 - ✓ Available network interfaces: ['lo0', 'en0', 'ipsec0', 'anpi1', 'anpi0', 'en3', 'en4', 'en1', 'en2', 'bridge0', 'ap1', 'awdl0', 'llw0', 'utun0', 'utun1', 'utun2', 'utun3', 'utun4', 'utun5', 'utun6', 'utun7']
2025-08-04 02:54:45,295 - FirewallIDS - [32mINFO[0m - info:81 - ✓ Accessible log files: []
2025-08-04 02:54:45,295 - FirewallIDS - [32mINFO[0m - info:81 - All components initialized successfully
2025-08-04 02:54:45,295 - FirewallIDS - [32mINFO[0m - info:81 - Starting Firewall IDS System...
2025-08-04 02:54:45,295 - FirewallIDS - [32mINFO[0m - info:81 - Starting monitoring systems...
2025-08-04 02:54:45,295 - FirewallIDS - [32mINFO[0m - info:81 - Starting packet capture on interface: en0
2025-08-04 02:54:45,295 - FirewallIDS - [32mINFO[0m - info:81 - Traffic monitoring started
2025-08-04 02:54:45,295 - FirewallIDS - [32mINFO[0m - info:81 - Log monitoring started
2025-08-04 02:54:45,295 - FirewallIDS - [32mINFO[0m - info:81 - Resource monitoring started
2025-08-04 02:54:45,295 - FirewallIDS - [32mINFO[0m - info:81 - ✓ All monitors started
2025-08-04 02:54:45,295 - FirewallIDS - [32mINFO[0m - info:81 - Detection loop started
2025-08-04 02:54:45,296 - FirewallIDS - [32mINFO[0m - info:81 - Detection and statistics threads started
2025-08-04 02:54:45,296 - FirewallIDS - [32mINFO[0m - info:81 - Statistics loop started
2025-08-04 02:54:46,302 - FirewallIDS - [31mERROR[0m - None:0 - [HIGH_DISK_USAGE] High disk usage on /dev/disk7s1: 96.8%
2025-08-04 02:54:46,304 - FirewallIDS - [31mERROR[0m - None:0 - [HIGH_DISK_USAGE] High disk usage on /dev/disk9s1: 97.2%
2025-08-04 02:54:52,317 - FirewallIDS - [31mERROR[0m - None:0 - [HIGH_DISK_USAGE] High disk usage on /dev/disk7s1: 96.8%
2025-08-04 02:54:52,318 - FirewallIDS - [31mERROR[0m - None:0 - [HIGH_DISK_USAGE] High disk usage on /dev/disk9s1: 97.2%
2025-08-04 02:54:58,333 - FirewallIDS - [31mERROR[0m - None:0 - [HIGH_DISK_USAGE] High disk usage on /dev/disk7s1: 96.8%
2025-08-04 02:54:58,334 - FirewallIDS - [31mERROR[0m - None:0 - [HIGH_DISK_USAGE] High disk usage on /dev/disk9s1: 97.2%
2025-08-04 02:55:00,358 - FirewallIDS - [31mERROR[0m - error:89 - Error in detector cleanup: 'FloodDetector' object has no attribute 'tcp_connections'
2025-08-04 02:55:04,346 - FirewallIDS - [31mERROR[0m - None:0 - [HIGH_DISK_USAGE] High disk usage on /dev/disk7s1: 96.8%
2025-08-04 02:55:04,346 - FirewallIDS - [31mERROR[0m - None:0 - [HIGH_DISK_USAGE] High disk usage on /dev/disk9s1: 97.2%
2025-08-04 02:55:08,984 - FirewallIDS - [32mINFO[0m - info:81 - Received signal 2, shutting down gracefully...
2025-08-04 02:55:09,397 - FirewallIDS - [32mINFO[0m - info:81 - Shutting down Firewall IDS System...
2025-08-04 02:55:09,497 - FirewallIDS - [32mINFO[0m - info:81 - Traffic monitoring stopped
2025-08-04 02:55:10,355 - FirewallIDS - [31mERROR[0m - None:0 - [HIGH_DISK_USAGE] High disk usage on /dev/disk7s1: 96.8%
2025-08-04 02:55:10,356 - FirewallIDS - [31mERROR[0m - None:0 - [HIGH_DISK_USAGE] High disk usage on /dev/disk9s1: 97.2%
2025-08-04 02:55:13,211 - FirewallIDS - [32mINFO[0m - info:81 - Received signal 2, shutting down gracefully...
2025-08-04 02:55:13,623 - FirewallIDS - [32mINFO[0m - info:81 - Received signal 2, shutting down gracefully...
2025-08-04 02:55:14,503 - FirewallIDS - [32mINFO[0m - info:81 - Log monitoring stopped
2025-08-04 03:06:28,229 - FirewallIDS - [32mINFO[0m - info:81 - Firewall IDS System initialized
2025-08-04 03:06:28,229 - FirewallIDS - [32mINFO[0m - info:81 - Initializing system components...
2025-08-04 03:06:28,229 - FirewallIDS - [32mINFO[0m - info:81 - PacketAnalyzer initialized
2025-08-04 03:06:28,229 - FirewallIDS - [32mINFO[0m - info:81 - ✓ Packet analyzer initialized
2025-08-04 03:06:28,229 - FirewallIDS - [32mINFO[0m - info:81 - PacketAnalyzer initialized
2025-08-04 03:06:28,230 - FirewallIDS - [32mINFO[0m - info:81 - TrafficMonitor initialized for interface: en0
2025-08-04 03:06:28,230 - FirewallIDS - [32mINFO[0m - info:81 - LogMonitor initialized
2025-08-04 03:06:28,230 - FirewallIDS - [32mINFO[0m - info:81 - ResourceMonitor initialized
2025-08-04 03:06:28,230 - FirewallIDS - [32mINFO[0m - info:81 - ✓ Monitors initialized
2025-08-04 03:06:28,230 - FirewallIDS - [32mINFO[0m - info:81 - PortScanDetector initialized
2025-08-04 03:06:28,230 - FirewallIDS - [32mINFO[0m - info:81 - FloodDetector initialized
2025-08-04 03:06:28,230 - FirewallIDS - [32mINFO[0m - info:81 - BruteForceDetector initialized
2025-08-04 03:06:28,230 - FirewallIDS - [32mINFO[0m - info:81 - ✓ Detectors initialized
2025-08-04 03:06:28,230 - FirewallIDS - [32mINFO[0m - info:81 - NotificationManager initialized
2025-08-04 03:06:28,230 - FirewallIDS - [32mINFO[0m - info:81 - AutoResponseSystem initialized
2025-08-04 03:06:28,230 - FirewallIDS - [32mINFO[0m - info:81 - ManualReviewInterface initialized
2025-08-04 03:06:28,230 - FirewallIDS - [32mINFO[0m - info:81 - NotificationManager initialized
2025-08-04 03:06:28,230 - FirewallIDS - [32mINFO[0m - info:81 - ResponseActionFramework initialized
2025-08-04 03:06:28,230 - FirewallIDS - [32mINFO[0m - info:81 - ✓ Response framework initialized
2025-08-04 03:06:28,230 - FirewallIDS - [32mINFO[0m - info:81 - ✓ Loaded 2 firewall rules
2025-08-04 03:06:28,230 - FirewallIDS - [32mINFO[0m - info:81 - ✓ Loaded 3 IDS rules
2025-08-04 03:06:28,230 - FirewallIDS - [33mWARNING[0m - warning:85 - Not running as root - some features may not work
2025-08-04 03:06:28,231 - FirewallIDS - [32mINFO[0m - info:81 - ✓ Available network interfaces: ['lo0', 'en0', 'ipsec0', 'anpi1', 'anpi0', 'en3', 'en4', 'en1', 'en2', 'bridge0', 'ap1', 'awdl0', 'llw0', 'utun0', 'utun1', 'utun2', 'utun3', 'utun4', 'utun5', 'utun6', 'utun7']
2025-08-04 03:06:28,231 - FirewallIDS - [32mINFO[0m - info:81 - ✓ Accessible log files: []
2025-08-04 03:06:28,231 - FirewallIDS - [32mINFO[0m - info:81 - All components initialized successfully
2025-08-04 03:06:28,231 - FirewallIDS - [32mINFO[0m - info:81 - Running system tests...
2025-08-04 03:06:28,231 - FirewallIDS - [32mINFO[0m - info:81 - Testing configuration...
2025-08-04 03:06:28,231 - FirewallIDS - [32mINFO[0m - info:81 - ✓ Configuration test passed
2025-08-04 03:06:28,231 - FirewallIDS - [32mINFO[0m - info:81 - Testing packet analyzer...
2025-08-04 03:06:28,231 - FirewallIDS - [32mINFO[0m - info:81 - ✓ Packet analyzer test passed
2025-08-04 03:06:28,231 - FirewallIDS - [32mINFO[0m - info:81 - Testing monitors...
2025-08-04 03:06:28,231 - FirewallIDS - [32mINFO[0m - info:81 - ✓ Monitors test passed
2025-08-04 03:06:28,231 - FirewallIDS - [32mINFO[0m - info:81 - Testing detectors...
2025-08-04 03:06:28,231 - FirewallIDS - [32mINFO[0m - info:81 - ✓ Detectors test passed
2025-08-04 03:06:28,231 - FirewallIDS - [32mINFO[0m - info:81 - Testing statistics collection...
2025-08-04 03:06:28,231 - FirewallIDS - [32mINFO[0m - info:81 - ✓ Statistics test passed
2025-08-04 03:06:28,231 - FirewallIDS - [32mINFO[0m - info:81 - All tests passed!
2025-08-04 03:06:28,231 - FirewallIDS - [32mINFO[0m - info:81 - All tests passed!
2025-08-04 03:06:46,097 - FirewallIDS - [32mINFO[0m - info:81 - Firewall IDS System initialized
2025-08-04 03:06:46,097 - FirewallIDS - [32mINFO[0m - info:81 - Initializing system components...
2025-08-04 03:06:46,097 - FirewallIDS - [32mINFO[0m - info:81 - PacketAnalyzer initialized
2025-08-04 03:06:46,097 - FirewallIDS - [32mINFO[0m - info:81 - ✓ Packet analyzer initialized
2025-08-04 03:06:46,097 - FirewallIDS - [32mINFO[0m - info:81 - PacketAnalyzer initialized
2025-08-04 03:06:46,097 - FirewallIDS - [32mINFO[0m - info:81 - TrafficMonitor initialized for interface: en0
2025-08-04 03:06:46,097 - FirewallIDS - [32mINFO[0m - info:81 - LogMonitor initialized
2025-08-04 03:06:46,097 - FirewallIDS - [32mINFO[0m - info:81 - ResourceMonitor initialized
2025-08-04 03:06:46,097 - FirewallIDS - [32mINFO[0m - info:81 - ✓ Monitors initialized
2025-08-04 03:06:46,097 - FirewallIDS - [32mINFO[0m - info:81 - PortScanDetector initialized
2025-08-04 03:06:46,097 - FirewallIDS - [32mINFO[0m - info:81 - FloodDetector initialized
2025-08-04 03:06:46,097 - FirewallIDS - [32mINFO[0m - info:81 - BruteForceDetector initialized
2025-08-04 03:06:46,097 - FirewallIDS - [32mINFO[0m - info:81 - ✓ Detectors initialized
2025-08-04 03:06:46,098 - FirewallIDS - [32mINFO[0m - info:81 - NotificationManager initialized
2025-08-04 03:06:46,098 - FirewallIDS - [32mINFO[0m - info:81 - AutoResponseSystem initialized
2025-08-04 03:06:46,098 - FirewallIDS - [32mINFO[0m - info:81 - ManualReviewInterface initialized
2025-08-04 03:06:46,098 - FirewallIDS - [32mINFO[0m - info:81 - NotificationManager initialized
2025-08-04 03:06:46,098 - FirewallIDS - [32mINFO[0m - info:81 - ResponseActionFramework initialized
2025-08-04 03:06:46,098 - FirewallIDS - [32mINFO[0m - info:81 - ✓ Response framework initialized
2025-08-04 03:06:46,098 - FirewallIDS - [32mINFO[0m - info:81 - ✓ Loaded 2 firewall rules
2025-08-04 03:06:46,098 - FirewallIDS - [32mINFO[0m - info:81 - ✓ Loaded 3 IDS rules
2025-08-04 03:06:46,098 - FirewallIDS - [33mWARNING[0m - warning:85 - Not running as root - some features may not work
2025-08-04 03:06:46,099 - FirewallIDS - [32mINFO[0m - info:81 - ✓ Available network interfaces: ['lo0', 'en0', 'ipsec0', 'anpi1', 'anpi0', 'en3', 'en4', 'en1', 'en2', 'bridge0', 'ap1', 'awdl0', 'llw0', 'utun0', 'utun1', 'utun2', 'utun3', 'utun4', 'utun5', 'utun6', 'utun7']
2025-08-04 03:06:46,099 - FirewallIDS - [32mINFO[0m - info:81 - ✓ Accessible log files: []
2025-08-04 03:06:46,099 - FirewallIDS - [32mINFO[0m - info:81 - All components initialized successfully
2025-08-04 03:06:46,099 - FirewallIDS - [32mINFO[0m - info:81 - Starting Firewall IDS System...
2025-08-04 03:06:46,099 - FirewallIDS - [32mINFO[0m - info:81 - Starting monitoring systems...
2025-08-04 03:06:46,099 - FirewallIDS - [32mINFO[0m - info:81 - Starting packet capture on interface: en0
2025-08-04 03:06:46,099 - FirewallIDS - [32mINFO[0m - info:81 - Traffic monitoring started
2025-08-04 03:06:46,099 - FirewallIDS - [31mERROR[0m - error:89 - Error in monitoring loop: Permission denied: could not open /dev/bpf0. Make sure to be running Scapy as root ! (sudo)
2025-08-04 03:06:46,099 - FirewallIDS - [32mINFO[0m - info:81 - Log monitoring started
2025-08-04 03:06:46,099 - FirewallIDS - [32mINFO[0m - info:81 - Resource monitoring started
2025-08-04 03:06:46,099 - FirewallIDS - [32mINFO[0m - info:81 - ✓ All monitors started
2025-08-04 03:06:46,099 - FirewallIDS - [32mINFO[0m - info:81 - Action processor started
2025-08-04 03:06:46,099 - FirewallIDS - [32mINFO[0m - info:81 - Action scheduler started
2025-08-04 03:06:46,099 - FirewallIDS - [32mINFO[0m - info:81 - Response action framework started
2025-08-04 03:06:46,099 - FirewallIDS - [32mINFO[0m - info:81 - ✓ Response framework started
2025-08-04 03:06:46,099 - FirewallIDS - [32mINFO[0m - info:81 - Detection loop started
2025-08-04 03:06:46,099 - FirewallIDS - [32mINFO[0m - info:81 - Statistics loop started
2025-08-04 03:06:46,099 - FirewallIDS - [32mINFO[0m - info:81 - Detection and statistics threads started
2025-08-04 03:06:47,105 - FirewallIDS - [31mERROR[0m - None:0 - [HIGH_DISK_USAGE] High disk usage on /dev/disk7s1: 96.8%
2025-08-04 03:06:47,106 - FirewallIDS - [31mERROR[0m - None:0 - [HIGH_DISK_USAGE] High disk usage on /dev/disk9s1: 97.2%
2025-08-04 03:06:53,110 - FirewallIDS - [31mERROR[0m - None:0 - [HIGH_DISK_USAGE] High disk usage on /dev/disk7s1: 96.8%
2025-08-04 03:06:53,112 - FirewallIDS - [31mERROR[0m - None:0 - [HIGH_DISK_USAGE] High disk usage on /dev/disk9s1: 97.2%
2025-08-04 03:06:53,771 - FirewallIDS - [32mINFO[0m - info:81 - Received signal 15, shutting down gracefully...
2025-08-04 03:06:53,771 - FirewallIDS - [32mINFO[0m - info:81 - Received signal 15, shutting down gracefully...
2025-08-04 03:06:54,127 - FirewallIDS - [32mINFO[0m - info:81 - Shutting down Firewall IDS System...
2025-08-04 03:06:54,127 - FirewallIDS - [32mINFO[0m - info:81 - Traffic monitoring stopped
2025-08-04 03:06:59,122 - FirewallIDS - [31mERROR[0m - None:0 - [HIGH_DISK_USAGE] High disk usage on /dev/disk7s1: 96.8%
2025-08-04 03:06:59,123 - FirewallIDS - [31mERROR[0m - None:0 - [HIGH_DISK_USAGE] High disk usage on /dev/disk9s1: 97.2%
2025-08-04 03:06:59,132 - FirewallIDS - [32mINFO[0m - info:81 - Log monitoring stopped
2025-08-04 03:07:04,124 - FirewallIDS - [32mINFO[0m - info:81 - Resource monitoring stopped
2025-08-04 03:07:06,109 - FirewallIDS - [32mINFO[0m - info:81 - Response action framework stopped
2025-08-04 03:07:11,115 - FirewallIDS - [32mINFO[0m - info:81 - System shutdown complete
2025-08-04 03:21:35,440 - FirewallIDS - [32mINFO[0m - info:81 - Firewall IDS System initialized
2025-08-04 03:21:35,440 - FirewallIDS - [32mINFO[0m - info:81 - Initializing system components...
2025-08-04 03:21:35,446 - FirewallIDS - [32mINFO[0m - info:81 - Database tables initialized successfully
2025-08-04 03:21:35,446 - FirewallIDS - [32mINFO[0m - info:81 - DatabaseManager initialized with database: /Users/akshitbansal/development/firewall_ids_system/data/firewall_ids.db
2025-08-04 03:21:35,446 - FirewallIDS - [32mINFO[0m - info:81 - ✓ Database manager initialized
2025-08-04 03:21:35,447 - FirewallIDS - [32mINFO[0m - info:81 - Loaded 2 firewall rules
2025-08-04 03:21:35,447 - FirewallIDS - [32mINFO[0m - info:81 - FirewallManager initialized
2025-08-04 03:21:35,447 - FirewallIDS - [32mINFO[0m - info:81 - ✓ Firewall manager initialized
2025-08-04 03:21:35,447 - FirewallIDS - [32mINFO[0m - info:81 - Loaded threat intelligence: 5 IPs, 5 domains
2025-08-04 03:21:35,447 - FirewallIDS - [31mERROR[0m - error:89 - Error loading correlation rules: 'Config' object has no attribute 'CONFIG_DIR'
2025-08-04 03:21:35,447 - FirewallIDS - [32mINFO[0m - info:81 - Baseline metrics initialized
2025-08-04 03:21:35,447 - FirewallIDS - [32mINFO[0m - info:81 - IDSEngine initialized
2025-08-04 03:21:35,447 - FirewallIDS - [32mINFO[0m - info:81 - ✓ IDS engine initialized
2025-08-04 03:21:35,447 - FirewallIDS - [32mINFO[0m - info:81 - PacketAnalyzer initialized
2025-08-04 03:21:35,447 - FirewallIDS - [32mINFO[0m - info:81 - ✓ Packet analyzer initialized
2025-08-04 03:21:35,447 - FirewallIDS - [32mINFO[0m - info:81 - PacketAnalyzer initialized
2025-08-04 03:21:35,447 - FirewallIDS - [32mINFO[0m - info:81 - TrafficMonitor initialized for interface: en0
2025-08-04 03:21:35,447 - FirewallIDS - [32mINFO[0m - info:81 - LogMonitor initialized
2025-08-04 03:21:35,447 - FirewallIDS - [32mINFO[0m - info:81 - ResourceMonitor initialized
2025-08-04 03:21:35,447 - FirewallIDS - [32mINFO[0m - info:81 - ✓ Monitors initialized
2025-08-04 03:21:35,447 - FirewallIDS - [32mINFO[0m - info:81 - PortScanDetector initialized
2025-08-04 03:21:35,447 - FirewallIDS - [32mINFO[0m - info:81 - FloodDetector initialized
2025-08-04 03:21:35,447 - FirewallIDS - [32mINFO[0m - info:81 - BruteForceDetector initialized
2025-08-04 03:21:35,447 - FirewallIDS - [32mINFO[0m - info:81 - ✓ Detectors initialized
2025-08-04 03:21:35,448 - FirewallIDS - [32mINFO[0m - info:81 - NotificationManager initialized
2025-08-04 03:21:35,448 - FirewallIDS - [32mINFO[0m - info:81 - AutoResponseSystem initialized
2025-08-04 03:21:35,448 - FirewallIDS - [32mINFO[0m - info:81 - ManualReviewInterface initialized
2025-08-04 03:21:35,448 - FirewallIDS - [32mINFO[0m - info:81 - NotificationManager initialized
2025-08-04 03:21:35,449 - FirewallIDS - [32mINFO[0m - info:81 - ResponseActionFramework initialized
2025-08-04 03:21:35,449 - FirewallIDS - [32mINFO[0m - info:81 - ✓ Response framework initialized
2025-08-04 03:21:35,449 - FirewallIDS - [32mINFO[0m - info:81 - ✓ Loaded 2 firewall rules
2025-08-04 03:21:35,449 - FirewallIDS - [32mINFO[0m - info:81 - ✓ Loaded 3 IDS rules
2025-08-04 03:21:35,449 - FirewallIDS - [33mWARNING[0m - warning:85 - Not running as root - some features may not work
2025-08-04 03:21:35,449 - FirewallIDS - [32mINFO[0m - info:81 - ✓ Available network interfaces: ['lo0', 'en0', 'ipsec0', 'anpi1', 'anpi0', 'en3', 'en4', 'en1', 'en2', 'bridge0', 'ap1', 'awdl0', 'llw0', 'utun0', 'utun1', 'utun2', 'utun3', 'utun4', 'utun5', 'utun6', 'utun7']
2025-08-04 03:21:35,449 - FirewallIDS - [32mINFO[0m - info:81 - ✓ Accessible log files: []
2025-08-04 03:21:35,449 - FirewallIDS - [32mINFO[0m - info:81 - All components initialized successfully
2025-08-04 03:21:35,449 - FirewallIDS - [32mINFO[0m - info:81 - Running system tests...
2025-08-04 03:21:35,449 - FirewallIDS - [32mINFO[0m - info:81 - Testing configuration...
2025-08-04 03:21:35,449 - FirewallIDS - [32mINFO[0m - info:81 - ✓ Configuration test passed
2025-08-04 03:21:35,449 - FirewallIDS - [32mINFO[0m - info:81 - Testing packet analyzer...
2025-08-04 03:21:35,449 - FirewallIDS - [32mINFO[0m - info:81 - ✓ Packet analyzer test passed
2025-08-04 03:21:35,449 - FirewallIDS - [32mINFO[0m - info:81 - Testing monitors...
2025-08-04 03:21:35,449 - FirewallIDS - [32mINFO[0m - info:81 - ✓ Monitors test passed
2025-08-04 03:21:35,449 - FirewallIDS - [32mINFO[0m - info:81 - Testing detectors...
2025-08-04 03:21:35,450 - FirewallIDS - [32mINFO[0m - info:81 - ✓ Detectors test passed
2025-08-04 03:21:35,450 - FirewallIDS - [32mINFO[0m - info:81 - Testing statistics collection...
2025-08-04 03:21:35,458 - FirewallIDS - [31mERROR[0m - error:89 - Error getting firewall status: [Errno 2] No such file or directory: 'iptables'
2025-08-04 03:21:35,458 - FirewallIDS - [32mINFO[0m - info:81 - ✓ Statistics test passed
2025-08-04 03:21:35,458 - FirewallIDS - [32mINFO[0m - info:81 - All tests passed!
2025-08-04 03:21:35,458 - FirewallIDS - [32mINFO[0m - info:81 - All tests passed!
2025-08-04 03:22:56,004 - FirewallIDS - [32mINFO[0m - info:81 - Firewall IDS System initialized
2025-08-04 03:22:56,004 - FirewallIDS - [32mINFO[0m - info:81 - Initializing system components...
2025-08-04 03:22:56,007 - FirewallIDS - [32mINFO[0m - info:81 - Database tables initialized successfully
2025-08-04 03:22:56,007 - FirewallIDS - [32mINFO[0m - info:81 - DatabaseManager initialized with database: /Users/akshitbansal/development/firewall_ids_system/data/firewall_ids.db
2025-08-04 03:22:56,007 - FirewallIDS - [32mINFO[0m - info:81 - ✓ Database manager initialized
2025-08-04 03:22:56,007 - FirewallIDS - [32mINFO[0m - info:81 - Loaded 2 firewall rules
2025-08-04 03:22:56,007 - FirewallIDS - [32mINFO[0m - info:81 - FirewallManager initialized
2025-08-04 03:22:56,007 - FirewallIDS - [32mINFO[0m - info:81 - ✓ Firewall manager initialized
2025-08-04 03:22:56,007 - FirewallIDS - [32mINFO[0m - info:81 - Loaded threat intelligence: 5 IPs, 5 domains
2025-08-04 03:22:56,007 - FirewallIDS - [32mINFO[0m - info:81 - Loaded 8 correlation rules
2025-08-04 03:22:56,007 - FirewallIDS - [32mINFO[0m - info:81 - Baseline metrics initialized
2025-08-04 03:22:56,007 - FirewallIDS - [32mINFO[0m - info:81 - IDSEngine initialized
2025-08-04 03:22:56,007 - FirewallIDS - [32mINFO[0m - info:81 - ✓ IDS engine initialized
2025-08-04 03:22:56,008 - FirewallIDS - [32mINFO[0m - info:81 - PacketAnalyzer initialized
2025-08-04 03:22:56,008 - FirewallIDS - [32mINFO[0m - info:81 - ✓ Packet analyzer initialized
2025-08-04 03:22:56,008 - FirewallIDS - [32mINFO[0m - info:81 - PacketAnalyzer initialized
2025-08-04 03:22:56,008 - FirewallIDS - [32mINFO[0m - info:81 - TrafficMonitor initialized for interface: en0
2025-08-04 03:22:56,008 - FirewallIDS - [32mINFO[0m - info:81 - LogMonitor initialized
2025-08-04 03:22:56,008 - FirewallIDS - [32mINFO[0m - info:81 - ResourceMonitor initialized
2025-08-04 03:22:56,008 - FirewallIDS - [32mINFO[0m - info:81 - ✓ Monitors initialized
2025-08-04 03:22:56,008 - FirewallIDS - [32mINFO[0m - info:81 - PortScanDetector initialized
2025-08-04 03:22:56,008 - FirewallIDS - [32mINFO[0m - info:81 - FloodDetector initialized
2025-08-04 03:22:56,008 - FirewallIDS - [32mINFO[0m - info:81 - BruteForceDetector initialized
2025-08-04 03:22:56,008 - FirewallIDS - [32mINFO[0m - info:81 - ✓ Detectors initialized
2025-08-04 03:22:56,008 - FirewallIDS - [32mINFO[0m - info:81 - NotificationManager initialized
2025-08-04 03:22:56,008 - FirewallIDS - [32mINFO[0m - info:81 - AutoResponseSystem initialized
2025-08-04 03:22:56,008 - FirewallIDS - [32mINFO[0m - info:81 - ManualReviewInterface initialized
2025-08-04 03:22:56,009 - FirewallIDS - [32mINFO[0m - info:81 - NotificationManager initialized
2025-08-04 03:22:56,009 - FirewallIDS - [32mINFO[0m - info:81 - ResponseActionFramework initialized
2025-08-04 03:22:56,009 - FirewallIDS - [32mINFO[0m - info:81 - ✓ Response framework initialized
2025-08-04 03:22:56,009 - FirewallIDS - [32mINFO[0m - info:81 - ✓ Loaded 2 firewall rules
2025-08-04 03:22:56,009 - FirewallIDS - [32mINFO[0m - info:81 - ✓ Loaded 3 IDS rules
2025-08-04 03:22:56,009 - FirewallIDS - [33mWARNING[0m - warning:85 - Not running as root - some features may not work
2025-08-04 03:22:56,009 - FirewallIDS - [32mINFO[0m - info:81 - ✓ Available network interfaces: ['lo0', 'en0', 'ipsec0', 'anpi1', 'anpi0', 'en3', 'en4', 'en1', 'en2', 'bridge0', 'ap1', 'awdl0', 'llw0', 'utun0', 'utun1', 'utun2', 'utun3', 'utun4', 'utun5', 'utun6', 'utun7']
2025-08-04 03:22:56,009 - FirewallIDS - [32mINFO[0m - info:81 - ✓ Accessible log files: []
2025-08-04 03:22:56,009 - FirewallIDS - [32mINFO[0m - info:81 - All components initialized successfully
2025-08-04 03:22:56,009 - FirewallIDS - [32mINFO[0m - info:81 - Running system tests...
2025-08-04 03:22:56,009 - FirewallIDS - [32mINFO[0m - info:81 - Testing configuration...
2025-08-04 03:22:56,010 - FirewallIDS - [32mINFO[0m - info:81 - ✓ Configuration test passed
2025-08-04 03:22:56,010 - FirewallIDS - [32mINFO[0m - info:81 - Testing packet analyzer...
2025-08-04 03:22:56,010 - FirewallIDS - [32mINFO[0m - info:81 - ✓ Packet analyzer test passed
2025-08-04 03:22:56,010 - FirewallIDS - [32mINFO[0m - info:81 - Testing monitors...
2025-08-04 03:22:56,010 - FirewallIDS - [32mINFO[0m - info:81 - ✓ Monitors test passed
2025-08-04 03:22:56,011 - FirewallIDS - [32mINFO[0m - info:81 - Testing detectors...
2025-08-04 03:22:56,011 - FirewallIDS - [32mINFO[0m - info:81 - ✓ Detectors test passed
2025-08-04 03:22:56,011 - FirewallIDS - [32mINFO[0m - info:81 - Testing statistics collection...
2025-08-04 03:22:56,016 - FirewallIDS - [31mERROR[0m - error:89 - Error getting firewall status: [Errno 2] No such file or directory: 'iptables'
2025-08-04 03:22:56,016 - FirewallIDS - [32mINFO[0m - info:81 - ✓ Statistics test passed
2025-08-04 03:22:56,016 - FirewallIDS - [32mINFO[0m - info:81 - All tests passed!
2025-08-04 03:22:56,016 - FirewallIDS - [32mINFO[0m - info:81 - All tests passed!
2025-08-04 03:23:17,079 - FirewallIDS - [32mINFO[0m - info:81 - Firewall IDS System initialized
2025-08-04 03:23:17,079 - FirewallIDS - [32mINFO[0m - info:81 - Initializing system components...
2025-08-04 03:23:17,082 - FirewallIDS - [32mINFO[0m - info:81 - Database tables initialized successfully
2025-08-04 03:23:17,082 - FirewallIDS - [32mINFO[0m - info:81 - DatabaseManager initialized with database: /Users/akshitbansal/development/firewall_ids_system/data/firewall_ids.db
2025-08-04 03:23:17,082 - FirewallIDS - [32mINFO[0m - info:81 - ✓ Database manager initialized
2025-08-04 03:23:17,082 - FirewallIDS - [32mINFO[0m - info:81 - Loaded 2 firewall rules
2025-08-04 03:23:17,082 - FirewallIDS - [32mINFO[0m - info:81 - FirewallManager initialized
2025-08-04 03:23:17,082 - FirewallIDS - [32mINFO[0m - info:81 - ✓ Firewall manager initialized
2025-08-04 03:23:17,082 - FirewallIDS - [32mINFO[0m - info:81 - Loaded threat intelligence: 5 IPs, 5 domains
2025-08-04 03:23:17,082 - FirewallIDS - [32mINFO[0m - info:81 - Loaded 8 correlation rules
2025-08-04 03:23:17,082 - FirewallIDS - [32mINFO[0m - info:81 - Baseline metrics initialized
2025-08-04 03:23:17,082 - FirewallIDS - [32mINFO[0m - info:81 - IDSEngine initialized
2025-08-04 03:23:17,082 - FirewallIDS - [32mINFO[0m - info:81 - ✓ IDS engine initialized
2025-08-04 03:23:17,082 - FirewallIDS - [32mINFO[0m - info:81 - PacketAnalyzer initialized
2025-08-04 03:23:17,082 - FirewallIDS - [32mINFO[0m - info:81 - ✓ Packet analyzer initialized
2025-08-04 03:23:17,082 - FirewallIDS - [32mINFO[0m - info:81 - PacketAnalyzer initialized
2025-08-04 03:23:17,082 - FirewallIDS - [32mINFO[0m - info:81 - TrafficMonitor initialized for interface: en0
2025-08-04 03:23:17,082 - FirewallIDS - [32mINFO[0m - info:81 - LogMonitor initialized
2025-08-04 03:23:17,082 - FirewallIDS - [32mINFO[0m - info:81 - ResourceMonitor initialized
2025-08-04 03:23:17,083 - FirewallIDS - [32mINFO[0m - info:81 - ✓ Monitors initialized
2025-08-04 03:23:17,083 - FirewallIDS - [32mINFO[0m - info:81 - PortScanDetector initialized
2025-08-04 03:23:17,083 - FirewallIDS - [32mINFO[0m - info:81 - FloodDetector initialized
2025-08-04 03:23:17,083 - FirewallIDS - [32mINFO[0m - info:81 - BruteForceDetector initialized
2025-08-04 03:23:17,083 - FirewallIDS - [32mINFO[0m - info:81 - ✓ Detectors initialized
2025-08-04 03:23:17,083 - FirewallIDS - [32mINFO[0m - info:81 - NotificationManager initialized
2025-08-04 03:23:17,083 - FirewallIDS - [32mINFO[0m - info:81 - AutoResponseSystem initialized
2025-08-04 03:23:17,083 - FirewallIDS - [32mINFO[0m - info:81 - ManualReviewInterface initialized
2025-08-04 03:23:17,083 - FirewallIDS - [32mINFO[0m - info:81 - NotificationManager initialized
2025-08-04 03:23:17,084 - FirewallIDS - [32mINFO[0m - info:81 - ResponseActionFramework initialized
2025-08-04 03:23:17,084 - FirewallIDS - [32mINFO[0m - info:81 - ✓ Response framework initialized
2025-08-04 03:23:17,084 - FirewallIDS - [32mINFO[0m - info:81 - ✓ Loaded 2 firewall rules
2025-08-04 03:23:17,084 - FirewallIDS - [32mINFO[0m - info:81 - ✓ Loaded 3 IDS rules
2025-08-04 03:23:17,084 - FirewallIDS - [33mWARNING[0m - warning:85 - Not running as root - some features may not work
2025-08-04 03:23:17,084 - FirewallIDS - [32mINFO[0m - info:81 - ✓ Available network interfaces: ['lo0', 'en0', 'ipsec0', 'anpi1', 'anpi0', 'en3', 'en4', 'en1', 'en2', 'bridge0', 'ap1', 'awdl0', 'llw0', 'utun0', 'utun1', 'utun2', 'utun3', 'utun4', 'utun5', 'utun6', 'utun7']
2025-08-04 03:23:17,084 - FirewallIDS - [32mINFO[0m - info:81 - ✓ Accessible log files: []
2025-08-04 03:23:17,084 - FirewallIDS - [32mINFO[0m - info:81 - All components initialized successfully
2025-08-04 03:23:17,084 - FirewallIDS - [32mINFO[0m - info:81 - Running system tests...
2025-08-04 03:23:17,084 - FirewallIDS - [32mINFO[0m - info:81 - Testing configuration...
2025-08-04 03:23:17,084 - FirewallIDS - [32mINFO[0m - info:81 - ✓ Configuration test passed
2025-08-04 03:23:17,084 - FirewallIDS - [32mINFO[0m - info:81 - Testing packet analyzer...
2025-08-04 03:23:17,084 - FirewallIDS - [32mINFO[0m - info:81 - ✓ Packet analyzer test passed
2025-08-04 03:23:17,084 - FirewallIDS - [32mINFO[0m - info:81 - Testing monitors...
2025-08-04 03:23:17,084 - FirewallIDS - [32mINFO[0m - info:81 - ✓ Monitors test passed
2025-08-04 03:23:17,084 - FirewallIDS - [32mINFO[0m - info:81 - Testing detectors...
2025-08-04 03:23:17,084 - FirewallIDS - [32mINFO[0m - info:81 - ✓ Detectors test passed
2025-08-04 03:23:17,085 - FirewallIDS - [32mINFO[0m - info:81 - Testing statistics collection...
2025-08-04 03:23:17,088 - FirewallIDS - [31mERROR[0m - error:89 - Error getting firewall status: [Errno 2] No such file or directory: 'iptables'
2025-08-04 03:23:17,088 - FirewallIDS - [32mINFO[0m - info:81 - ✓ Statistics test passed
2025-08-04 03:23:17,088 - FirewallIDS - [32mINFO[0m - info:81 - All tests passed!
2025-08-04 03:23:17,088 - FirewallIDS - [32mINFO[0m - info:81 - All tests passed!
2025-08-04 03:31:19,714 - FirewallIDS - [32mINFO[0m - info:81 - Firewall IDS System initialized
2025-08-04 03:31:19,715 - FirewallIDS - [32mINFO[0m - info:81 - Initializing system components...
2025-08-04 03:31:19,718 - FirewallIDS - [32mINFO[0m - info:81 - Database tables initialized successfully
2025-08-04 03:31:19,718 - FirewallIDS - [32mINFO[0m - info:81 - DatabaseManager initialized with database: /Users/akshitbansal/development/firewall_ids_system/data/firewall_ids.db
2025-08-04 03:31:19,718 - FirewallIDS - [32mINFO[0m - info:81 - ✓ Database manager initialized
2025-08-04 03:31:19,718 - FirewallIDS - [32mINFO[0m - info:81 - Loaded 2 firewall rules
2025-08-04 03:31:19,718 - FirewallIDS - [32mINFO[0m - info:81 - FirewallManager initialized
2025-08-04 03:31:19,718 - FirewallIDS - [32mINFO[0m - info:81 - ✓ Firewall manager initialized
2025-08-04 03:31:19,718 - FirewallIDS - [32mINFO[0m - info:81 - Loaded threat intelligence: 5 IPs, 5 domains
2025-08-04 03:31:19,718 - FirewallIDS - [32mINFO[0m - info:81 - Loaded 8 correlation rules
2025-08-04 03:31:19,719 - FirewallIDS - [32mINFO[0m - info:81 - Baseline metrics initialized
2025-08-04 03:31:19,719 - FirewallIDS - [32mINFO[0m - info:81 - IDSEngine initialized
2025-08-04 03:31:19,719 - FirewallIDS - [32mINFO[0m - info:81 - ✓ IDS engine initialized
2025-08-04 03:31:19,719 - FirewallIDS - [32mINFO[0m - info:81 - PacketAnalyzer initialized
2025-08-04 03:31:19,719 - FirewallIDS - [32mINFO[0m - info:81 - ✓ Packet analyzer initialized
2025-08-04 03:31:19,719 - FirewallIDS - [32mINFO[0m - info:81 - PacketAnalyzer initialized
2025-08-04 03:31:19,719 - FirewallIDS - [32mINFO[0m - info:81 - TrafficMonitor initialized for interface: en0
2025-08-04 03:31:19,719 - FirewallIDS - [32mINFO[0m - info:81 - LogMonitor initialized
2025-08-04 03:31:19,719 - FirewallIDS - [32mINFO[0m - info:81 - ResourceMonitor initialized
2025-08-04 03:31:19,719 - FirewallIDS - [32mINFO[0m - info:81 - ✓ Monitors initialized
2025-08-04 03:31:19,719 - FirewallIDS - [32mINFO[0m - info:81 - PortScanDetector initialized
2025-08-04 03:31:19,719 - FirewallIDS - [32mINFO[0m - info:81 - FloodDetector initialized
2025-08-04 03:31:19,719 - FirewallIDS - [32mINFO[0m - info:81 - BruteForceDetector initialized
2025-08-04 03:31:19,719 - FirewallIDS - [32mINFO[0m - info:81 - ✓ Detectors initialized
2025-08-04 03:31:19,719 - FirewallIDS - [32mINFO[0m - info:81 - NotificationManager initialized
2025-08-04 03:31:19,719 - FirewallIDS - [32mINFO[0m - info:81 - AutoResponseSystem initialized
2025-08-04 03:31:19,720 - FirewallIDS - [32mINFO[0m - info:81 - ManualReviewInterface initialized
2025-08-04 03:31:19,720 - FirewallIDS - [32mINFO[0m - info:81 - NotificationManager initialized
2025-08-04 03:31:19,720 - FirewallIDS - [32mINFO[0m - info:81 - ResponseActionFramework initialized
2025-08-04 03:31:19,720 - FirewallIDS - [32mINFO[0m - info:81 - ✓ Response framework initialized
2025-08-04 03:31:19,720 - FirewallIDS - [32mINFO[0m - info:81 - ✓ Loaded 2 firewall rules
2025-08-04 03:31:19,720 - FirewallIDS - [32mINFO[0m - info:81 - ✓ Loaded 3 IDS rules
2025-08-04 03:31:19,720 - FirewallIDS - [33mWARNING[0m - warning:85 - Not running as root - some features may not work
2025-08-04 03:31:19,720 - FirewallIDS - [32mINFO[0m - info:81 - ✓ Available network interfaces: ['lo0', 'en0', 'ipsec0', 'anpi1', 'anpi0', 'en3', 'en4', 'en1', 'en2', 'bridge0', 'ap1', 'awdl0', 'llw0', 'utun0', 'utun1', 'utun2', 'utun3', 'utun4', 'utun5', 'utun6', 'utun7']
2025-08-04 03:31:19,720 - FirewallIDS - [32mINFO[0m - info:81 - ✓ Accessible log files: []
2025-08-04 03:31:19,720 - FirewallIDS - [32mINFO[0m - info:81 - All components initialized successfully
2025-08-04 03:31:19,720 - FirewallIDS - [32mINFO[0m - info:81 - Running system tests...
2025-08-04 03:31:19,720 - FirewallIDS - [32mINFO[0m - info:81 - Testing configuration...
2025-08-04 03:31:19,721 - FirewallIDS - [32mINFO[0m - info:81 - ✓ Configuration test passed
2025-08-04 03:31:19,721 - FirewallIDS - [32mINFO[0m - info:81 - Testing packet analyzer...
2025-08-04 03:31:19,721 - FirewallIDS - [32mINFO[0m - info:81 - ✓ Packet analyzer test passed
2025-08-04 03:31:19,721 - FirewallIDS - [32mINFO[0m - info:81 - Testing monitors...
2025-08-04 03:31:19,721 - FirewallIDS - [32mINFO[0m - info:81 - ✓ Monitors test passed
2025-08-04 03:31:19,721 - FirewallIDS - [32mINFO[0m - info:81 - Testing detectors...
2025-08-04 03:31:19,721 - FirewallIDS - [32mINFO[0m - info:81 - ✓ Detectors test passed
2025-08-04 03:31:19,721 - FirewallIDS - [32mINFO[0m - info:81 - Testing statistics collection...
2025-08-04 03:31:19,726 - FirewallIDS - [31mERROR[0m - error:89 - Error getting firewall status: [Errno 2] No such file or directory: 'iptables'
2025-08-04 03:31:19,726 - FirewallIDS - [32mINFO[0m - info:81 - ✓ Statistics test passed
2025-08-04 03:31:19,726 - FirewallIDS - [32mINFO[0m - info:81 - All tests passed!
2025-08-04 03:31:19,726 - FirewallIDS - [32mINFO[0m - info:81 - All tests passed!
2025-08-04 03:38:53,392 - FirewallIDS - [32mINFO[0m - info:81 - Firewall IDS System initialized
2025-08-04 03:38:53,392 - FirewallIDS - [32mINFO[0m - info:81 - Initializing system components...
2025-08-04 03:38:53,394 - FirewallIDS - [32mINFO[0m - info:81 - Database tables initialized successfully
2025-08-04 03:38:53,394 - FirewallIDS - [32mINFO[0m - info:81 - DatabaseManager initialized with database: /Users/akshitbansal/development/firewall_ids_system/data/firewall_ids.db
2025-08-04 03:38:53,394 - FirewallIDS - [32mINFO[0m - info:81 - ✓ Database manager initialized
2025-08-04 03:38:53,395 - FirewallIDS - [32mINFO[0m - info:81 - Loaded 2 firewall rules
2025-08-04 03:38:53,395 - FirewallIDS - [32mINFO[0m - info:81 - FirewallManager initialized
2025-08-04 03:38:53,395 - FirewallIDS - [32mINFO[0m - info:81 - ✓ Firewall manager initialized
2025-08-04 03:38:53,395 - FirewallIDS - [32mINFO[0m - info:81 - Loaded threat intelligence: 5 IPs, 5 domains
2025-08-04 03:38:53,395 - FirewallIDS - [32mINFO[0m - info:81 - Loaded 8 correlation rules
2025-08-04 03:38:53,395 - FirewallIDS - [32mINFO[0m - info:81 - Baseline metrics initialized
2025-08-04 03:38:53,395 - FirewallIDS - [32mINFO[0m - info:81 - IDSEngine initialized
2025-08-04 03:38:53,395 - FirewallIDS - [32mINFO[0m - info:81 - ✓ IDS engine initialized
2025-08-04 03:38:53,395 - FirewallIDS - [32mINFO[0m - info:81 - PacketAnalyzer initialized
2025-08-04 03:38:53,395 - FirewallIDS - [32mINFO[0m - info:81 - ✓ Packet analyzer initialized
2025-08-04 03:38:53,395 - FirewallIDS - [32mINFO[0m - info:81 - PacketAnalyzer initialized
2025-08-04 03:38:53,395 - FirewallIDS - [32mINFO[0m - info:81 - TrafficMonitor initialized for interface: eth0
2025-08-04 03:38:53,395 - FirewallIDS - [32mINFO[0m - info:81 - LogMonitor initialized
2025-08-04 03:38:53,395 - FirewallIDS - [32mINFO[0m - info:81 - ResourceMonitor initialized
2025-08-04 03:38:53,395 - FirewallIDS - [32mINFO[0m - info:81 - ✓ Monitors initialized
2025-08-04 03:38:53,395 - FirewallIDS - [32mINFO[0m - info:81 - PortScanDetector initialized
2025-08-04 03:38:53,395 - FirewallIDS - [32mINFO[0m - info:81 - FloodDetector initialized
2025-08-04 03:38:53,395 - FirewallIDS - [32mINFO[0m - info:81 - BruteForceDetector initialized
2025-08-04 03:38:53,395 - FirewallIDS - [32mINFO[0m - info:81 - ✓ Detectors initialized
2025-08-04 03:38:53,396 - FirewallIDS - [32mINFO[0m - info:81 - NotificationManager initialized
2025-08-04 03:38:53,396 - FirewallIDS - [32mINFO[0m - info:81 - AutoResponseSystem initialized
2025-08-04 03:38:53,396 - FirewallIDS - [32mINFO[0m - info:81 - ManualReviewInterface initialized
2025-08-04 03:38:53,396 - FirewallIDS - [32mINFO[0m - info:81 - NotificationManager initialized
2025-08-04 03:38:53,397 - FirewallIDS - [32mINFO[0m - info:81 - ResponseActionFramework initialized
2025-08-04 03:38:53,397 - FirewallIDS - [32mINFO[0m - info:81 - ✓ Response framework initialized
2025-08-04 03:38:53,397 - FirewallIDS - [32mINFO[0m - info:81 - ✓ Loaded 2 firewall rules
2025-08-04 03:38:53,397 - FirewallIDS - [32mINFO[0m - info:81 - ✓ Loaded 3 IDS rules
2025-08-04 03:38:53,397 - FirewallIDS - [33mWARNING[0m - warning:85 - Not running as root - some features may not work
2025-08-04 03:38:53,397 - FirewallIDS - [32mINFO[0m - info:81 - ✓ Available network interfaces: ['lo0', 'en0', 'ipsec0', 'anpi1', 'anpi0', 'en3', 'en4', 'en1', 'en2', 'bridge0', 'ap1', 'awdl0', 'llw0', 'utun0', 'utun1', 'utun2', 'utun3', 'utun4', 'utun5', 'utun6', 'utun7']
2025-08-04 03:38:53,397 - FirewallIDS - [33mWARNING[0m - warning:85 - Configured interface eth0 not found
2025-08-04 03:38:53,397 - FirewallIDS - [32mINFO[0m - info:81 - ✓ Accessible log files: []
2025-08-04 03:38:53,397 - FirewallIDS - [32mINFO[0m - info:81 - All components initialized successfully
2025-08-04 03:38:53,397 - FirewallIDS - [32mINFO[0m - info:81 - Starting Firewall IDS System...
2025-08-04 03:38:53,397 - FirewallIDS - [32mINFO[0m - info:81 - Starting monitoring systems...
2025-08-04 03:38:53,397 - FirewallIDS - [31mERROR[0m - error:89 - Interface eth0 not found. Available: ['lo0', 'gif0', 'stf0', 'anpi1', 'anpi0', 'en3', 'en4', 'en1', 'en2', 'bridge0', 'utun0', 'utun1', 'ap1', 'en0', 'awdl0', 'llw0', 'utun2', 'utun3', 'utun4', 'utun5', 'utun6', 'utun7', 'ipsec0']
2025-08-04 03:38:53,397 - FirewallIDS - [32mINFO[0m - info:81 - Traffic monitoring started
2025-08-04 03:38:53,397 - FirewallIDS - [32mINFO[0m - info:81 - Monitoring all interfaces
2025-08-04 03:38:53,397 - FirewallIDS - [32mINFO[0m - info:81 - Starting packet capture on interface: all
2025-08-04 03:38:53,397 - FirewallIDS - [31mERROR[0m - error:89 - Error in monitoring loop: Permission denied: could not open /dev/bpf0. Make sure to be running Scapy as root ! (sudo)
2025-08-04 03:38:53,398 - FirewallIDS - [32mINFO[0m - info:81 - Log monitoring started
2025-08-04 03:38:53,398 - FirewallIDS - [32mINFO[0m - info:81 - Resource monitoring started
2025-08-04 03:38:53,398 - FirewallIDS - [32mINFO[0m - info:81 - ✓ All monitors started
2025-08-04 03:38:53,398 - FirewallIDS - [32mINFO[0m - info:81 - Action processor started
2025-08-04 03:38:53,398 - FirewallIDS - [32mINFO[0m - info:81 - Action scheduler started
2025-08-04 03:38:53,398 - FirewallIDS - [32mINFO[0m - info:81 - Response action framework started
2025-08-04 03:38:53,398 - FirewallIDS - [32mINFO[0m - info:81 - ✓ Response framework started
2025-08-04 03:38:53,398 - FirewallIDS - [32mINFO[0m - info:81 - Detection loop started
2025-08-04 03:38:53,398 - FirewallIDS - [32mINFO[0m - info:81 - Statistics loop started
2025-08-04 03:38:53,398 - FirewallIDS - [32mINFO[0m - info:81 - Detection and statistics threads started
2025-08-04 03:38:54,401 - FirewallIDS - [31mERROR[0m - None:0 - [HIGH_DISK_USAGE] High disk usage on /dev/disk7s1: 96.8%
2025-08-04 03:38:54,402 - FirewallIDS - [31mERROR[0m - None:0 - [HIGH_DISK_USAGE] High disk usage on /dev/disk9s1: 97.2%
2025-08-04 03:39:00,411 - FirewallIDS - [31mERROR[0m - None:0 - [HIGH_DISK_USAGE] High disk usage on /dev/disk7s1: 96.8%
2025-08-04 03:39:00,412 - FirewallIDS - [31mERROR[0m - None:0 - [HIGH_DISK_USAGE] High disk usage on /dev/disk9s1: 97.2%
2025-08-04 03:39:06,423 - FirewallIDS - [31mERROR[0m - None:0 - [HIGH_DISK_USAGE] High disk usage on /dev/disk7s1: 96.8%
2025-08-04 03:39:06,424 - FirewallIDS - [31mERROR[0m - None:0 - [HIGH_DISK_USAGE] High disk usage on /dev/disk9s1: 97.2%
2025-08-04 03:39:12,433 - FirewallIDS - [31mERROR[0m - None:0 - [HIGH_DISK_USAGE] High disk usage on /dev/disk7s1: 96.8%
2025-08-04 03:39:12,434 - FirewallIDS - [31mERROR[0m - None:0 - [HIGH_DISK_USAGE] High disk usage on /dev/disk9s1: 97.2%
2025-08-04 03:39:18,429 - FirewallIDS - [31mERROR[0m - None:0 - [HIGH_DISK_USAGE] High disk usage on /dev/disk7s1: 96.8%
2025-08-04 03:39:18,430 - FirewallIDS - [31mERROR[0m - None:0 - [HIGH_DISK_USAGE] High disk usage on /dev/disk9s1: 97.2%
2025-08-04 03:39:24,430 - FirewallIDS - [31mERROR[0m - None:0 - [HIGH_DISK_USAGE] High disk usage on /dev/disk7s1: 96.8%
2025-08-04 03:39:24,430 - FirewallIDS - [31mERROR[0m - None:0 - [HIGH_DISK_USAGE] High disk usage on /dev/disk9s1: 97.2%
2025-08-04 03:39:30,430 - FirewallIDS - [31mERROR[0m - None:0 - [HIGH_DISK_USAGE] High disk usage on /dev/disk7s1: 96.8%
2025-08-04 03:39:30,430 - FirewallIDS - [31mERROR[0m - None:0 - [HIGH_DISK_USAGE] High disk usage on /dev/disk9s1: 97.2%
2025-08-04 03:39:36,436 - FirewallIDS - [31mERROR[0m - None:0 - [HIGH_DISK_USAGE] High disk usage on /dev/disk7s1: 96.8%
2025-08-04 03:39:36,436 - FirewallIDS - [31mERROR[0m - None:0 - [HIGH_DISK_USAGE] High disk usage on /dev/disk9s1: 97.2%
2025-08-04 03:40:39,352 - FirewallIDS - [32mINFO[0m - info:81 - Firewall IDS System initialized
2025-08-04 03:40:39,352 - FirewallIDS - [32mINFO[0m - info:81 - Initializing system components...
2025-08-04 03:40:39,353 - FirewallIDS - [32mINFO[0m - info:81 - Database tables initialized successfully
2025-08-04 03:40:39,353 - FirewallIDS - [32mINFO[0m - info:81 - DatabaseManager initialized with database: /Users/akshitbansal/development/firewall_ids_system/data/firewall_ids.db
2025-08-04 03:40:39,353 - FirewallIDS - [32mINFO[0m - info:81 - ✓ Database manager initialized
2025-08-04 03:40:39,353 - FirewallIDS - [32mINFO[0m - info:81 - Loaded 2 firewall rules
2025-08-04 03:40:39,353 - FirewallIDS - [32mINFO[0m - info:81 - FirewallManager initialized
2025-08-04 03:40:39,353 - FirewallIDS - [32mINFO[0m - info:81 - ✓ Firewall manager initialized
2025-08-04 03:40:39,353 - FirewallIDS - [32mINFO[0m - info:81 - Loaded threat intelligence: 5 IPs, 5 domains
2025-08-04 03:40:39,353 - FirewallIDS - [32mINFO[0m - info:81 - Loaded 8 correlation rules
2025-08-04 03:40:39,353 - FirewallIDS - [32mINFO[0m - info:81 - Baseline metrics initialized
2025-08-04 03:40:39,353 - FirewallIDS - [32mINFO[0m - info:81 - IDSEngine initialized
2025-08-04 03:40:39,353 - FirewallIDS - [32mINFO[0m - info:81 - ✓ IDS engine initialized
2025-08-04 03:40:39,353 - FirewallIDS - [32mINFO[0m - info:81 - PacketAnalyzer initialized
2025-08-04 03:40:39,353 - FirewallIDS - [32mINFO[0m - info:81 - ✓ Packet analyzer initialized
2025-08-04 03:40:39,354 - FirewallIDS - [32mINFO[0m - info:81 - PacketAnalyzer initialized
2025-08-04 03:40:39,354 - FirewallIDS - [32mINFO[0m - info:81 - TrafficMonitor initialized for interface: en0
2025-08-04 03:40:39,354 - FirewallIDS - [32mINFO[0m - info:81 - LogMonitor initialized
2025-08-04 03:40:39,354 - FirewallIDS - [32mINFO[0m - info:81 - ResourceMonitor initialized
2025-08-04 03:40:39,354 - FirewallIDS - [32mINFO[0m - info:81 - ✓ Monitors initialized
2025-08-04 03:40:39,354 - FirewallIDS - [32mINFO[0m - info:81 - PortScanDetector initialized
2025-08-04 03:40:39,354 - FirewallIDS - [32mINFO[0m - info:81 - FloodDetector initialized
2025-08-04 03:40:39,354 - FirewallIDS - [32mINFO[0m - info:81 - BruteForceDetector initialized
2025-08-04 03:40:39,354 - FirewallIDS - [32mINFO[0m - info:81 - ✓ Detectors initialized
2025-08-04 03:40:39,354 - FirewallIDS - [32mINFO[0m - info:81 - NotificationManager initialized
2025-08-04 03:40:39,354 - FirewallIDS - [32mINFO[0m - info:81 - AutoResponseSystem initialized
2025-08-04 03:40:39,355 - FirewallIDS - [32mINFO[0m - info:81 - ManualReviewInterface initialized
2025-08-04 03:40:39,355 - FirewallIDS - [32mINFO[0m - info:81 - NotificationManager initialized
2025-08-04 03:40:39,355 - FirewallIDS - [32mINFO[0m - info:81 - ResponseActionFramework initialized
2025-08-04 03:40:39,355 - FirewallIDS - [32mINFO[0m - info:81 - ✓ Response framework initialized
2025-08-04 03:40:39,355 - FirewallIDS - [32mINFO[0m - info:81 - ✓ Loaded 2 firewall rules
2025-08-04 03:40:39,355 - FirewallIDS - [32mINFO[0m - info:81 - ✓ Loaded 3 IDS rules
2025-08-04 03:40:39,355 - FirewallIDS - [33mWARNING[0m - warning:85 - Not running as root - some features may not work
2025-08-04 03:40:39,355 - FirewallIDS - [32mINFO[0m - info:81 - ✓ Available network interfaces: ['lo0', 'en0', 'ipsec0', 'anpi1', 'anpi0', 'en3', 'en4', 'en1', 'en2', 'bridge0', 'ap1', 'awdl0', 'llw0', 'utun0', 'utun1', 'utun2', 'utun3', 'utun4', 'utun5', 'utun6', 'utun7']
2025-08-04 03:40:39,355 - FirewallIDS - [32mINFO[0m - info:81 - ✓ Accessible log files: []
2025-08-04 03:40:39,355 - FirewallIDS - [32mINFO[0m - info:81 - All components initialized successfully
2025-08-04 03:40:39,355 - FirewallIDS - [32mINFO[0m - info:81 - Starting Firewall IDS System...
2025-08-04 03:40:39,355 - FirewallIDS - [32mINFO[0m - info:81 - Starting monitoring systems...
2025-08-04 03:40:39,355 - FirewallIDS - [32mINFO[0m - info:81 - Starting packet capture on interface: en0
2025-08-04 03:40:39,355 - FirewallIDS - [32mINFO[0m - info:81 - Traffic monitoring started
2025-08-04 03:40:39,355 - FirewallIDS - [31mERROR[0m - error:89 - Error in monitoring loop: Permission denied: could not open /dev/bpf0. Make sure to be running Scapy as root ! (sudo)
2025-08-04 03:40:39,355 - FirewallIDS - [32mINFO[0m - info:81 - Log monitoring started
2025-08-04 03:40:39,356 - FirewallIDS - [32mINFO[0m - info:81 - Resource monitoring started
2025-08-04 03:40:39,356 - FirewallIDS - [32mINFO[0m - info:81 - ✓ All monitors started
2025-08-04 03:40:39,356 - FirewallIDS - [32mINFO[0m - info:81 - Action processor started
2025-08-04 03:40:39,356 - FirewallIDS - [32mINFO[0m - info:81 - Action scheduler started
2025-08-04 03:40:39,356 - FirewallIDS - [32mINFO[0m - info:81 - Response action framework started
2025-08-04 03:40:39,356 - FirewallIDS - [32mINFO[0m - info:81 - ✓ Response framework started
2025-08-04 03:40:39,356 - FirewallIDS - [32mINFO[0m - info:81 - Detection loop started
2025-08-04 03:40:39,356 - FirewallIDS - [32mINFO[0m - info:81 - Statistics loop started
2025-08-04 03:40:39,356 - FirewallIDS - [32mINFO[0m - info:81 - Detection and statistics threads started
2025-08-04 03:40:40,360 - FirewallIDS - [31mERROR[0m - None:0 - [HIGH_DISK_USAGE] High disk usage on /dev/disk7s1: 96.8%
2025-08-04 03:40:40,361 - FirewallIDS - [31mERROR[0m - None:0 - [HIGH_DISK_USAGE] High disk usage on /dev/disk9s1: 97.2%
2025-08-04 03:40:46,373 - FirewallIDS - [31mERROR[0m - None:0 - [HIGH_DISK_USAGE] High disk usage on /dev/disk7s1: 96.8%
2025-08-04 03:40:46,374 - FirewallIDS - [31mERROR[0m - None:0 - [HIGH_DISK_USAGE] High disk usage on /dev/disk9s1: 97.2%
2025-08-04 03:40:52,386 - FirewallIDS - [31mERROR[0m - None:0 - [HIGH_DISK_USAGE] High disk usage on /dev/disk7s1: 96.8%
2025-08-04 03:40:52,386 - FirewallIDS - [31mERROR[0m - None:0 - [HIGH_DISK_USAGE] High disk usage on /dev/disk9s1: 97.2%
2025-08-04 03:40:58,395 - FirewallIDS - [31mERROR[0m - None:0 - [HIGH_DISK_USAGE] High disk usage on /dev/disk7s1: 96.8%
2025-08-04 03:40:58,396 - FirewallIDS - [31mERROR[0m - None:0 - [HIGH_DISK_USAGE] High disk usage on /dev/disk9s1: 97.2%
2025-08-04 03:41:04,407 - FirewallIDS - [31mERROR[0m - None:0 - [HIGH_DISK_USAGE] High disk usage on /dev/disk7s1: 96.8%
2025-08-04 03:41:04,408 - FirewallIDS - [31mERROR[0m - None:0 - [HIGH_DISK_USAGE] High disk usage on /dev/disk9s1: 97.2%
2025-08-09 19:45:37,168 - FirewallIDS - [32mINFO[0m - info:81 - Firewall IDS System initialized
2025-08-09 19:45:37,169 - FirewallIDS - [32mINFO[0m - info:81 - Initializing system components...
2025-08-09 19:45:37,187 - FirewallIDS - [32mINFO[0m - info:81 - Database tables initialized successfully
2025-08-09 19:45:37,187 - FirewallIDS - [32mINFO[0m - info:81 - DatabaseManager initialized with database: D:\FIREWALL_PROJ\Local-FireWall\data\firewall_ids.db
2025-08-09 19:45:37,207 - FirewallIDS - [32mINFO[0m - info:81 - Loaded 2 firewall rules
2025-08-09 19:45:37,208 - FirewallIDS - [32mINFO[0m - info:81 - FirewallManager initialized
2025-08-09 19:45:37,235 - FirewallIDS - [32mINFO[0m - info:81 - Loaded threat intelligence: 5 IPs, 5 domains
2025-08-09 19:45:37,249 - FirewallIDS - [32mINFO[0m - info:81 - Loaded 8 correlation rules
2025-08-09 19:45:37,260 - FirewallIDS - [32mINFO[0m - info:81 - Baseline metrics initialized
2025-08-09 19:45:37,261 - FirewallIDS - [32mINFO[0m - info:81 - IDSEngine initialized
2025-08-09 19:45:37,264 - FirewallIDS - [32mINFO[0m - info:81 - PacketAnalyzer initialized
2025-08-09 19:45:37,266 - FirewallIDS - [32mINFO[0m - info:81 - PacketAnalyzer initialized
2025-08-09 19:45:37,266 - FirewallIDS - [32mINFO[0m - info:81 - TrafficMonitor initialized for interface: en0
2025-08-09 19:45:37,266 - FirewallIDS - [32mINFO[0m - info:81 - LogMonitor initialized
2025-08-09 19:45:37,266 - FirewallIDS - [32mINFO[0m - info:81 - ResourceMonitor initialized
2025-08-09 19:45:37,268 - FirewallIDS - [32mINFO[0m - info:81 - PortScanDetector initialized
2025-08-09 19:45:37,268 - FirewallIDS - [32mINFO[0m - info:81 - FloodDetector initialized
2025-08-09 19:45:37,269 - FirewallIDS - [32mINFO[0m - info:81 - BruteForceDetector initialized
2025-08-09 19:45:37,283 - FirewallIDS - [32mINFO[0m - info:81 - NotificationManager initialized
2025-08-09 19:45:37,300 - FirewallIDS - [32mINFO[0m - info:81 - AutoResponseSystem initialized
2025-08-09 19:45:37,311 - FirewallIDS - [32mINFO[0m - info:81 - ManualReviewInterface initialized
2025-08-09 19:45:37,312 - FirewallIDS - [32mINFO[0m - info:81 - NotificationManager initialized
2025-08-09 19:45:37,324 - FirewallIDS - [32mINFO[0m - info:81 - ResponseActionFramework initialized
2025-08-09 19:45:37,329 - FirewallIDS - [31mERROR[0m - error:89 - Failed to initialize components: module 'os' has no attribute 'geteuid'
2025-08-09 19:45:37,329 - FirewallIDS - [31mERROR[0m - error:89 - Failed to initialize system
